<?xml version="1.0" encoding="UTF-8"?>
<!-- Generated by org.testng.reporters.JUnitReportReporter -->
<testsuite hostname="rohits-MacBook-Air.local" failures="0" tests="1" name="MavenDemo.TotpTest" time="0.074" errors="0" timestamp="2022-01-29T20:32:00 IST" skipped="0">
  <testcase classname="MavenDemo.TotpTest" name="opt_test" time="0.074"/>
  <system-out/>
</testsuite> <!-- MavenDemo.TotpTest -->
