<?xml version="1.0" encoding="UTF-8"?>
<!-- Generated by org.testng.reporters.JUnitReportReporter -->
<testsuite hostname="rohits-MacBook-Air.local" failures="0" tests="1" name="MavenDemo.GoogleTest" time="4.330" errors="0" timestamp="2022-01-29T18:58:50 IST" skipped="0">
  <testcase classname="MavenDemo.GoogleTest" name="f" time="4.330"/>
  <system-out/>
</testsuite> <!-- MavenDemo.GoogleTest -->
